2019--04--16 00:39:26 (class:net.TextDown)-(INFO) https://github.com/gchq/Gaffer/raw/a16243d5231a4d04a21b60894d91adfe3cbaba28/core/operation/src/test/java/uk/gov/gchq/gaffer/operation/impl/get/GetFromEndpointTest.java	java.io.FileNotFoundException: E:\方向论文\隐性冲突\2\3\down.java (系统找不到指定的路径。)
 2019--04--16 00:53:54 (class:Main)-(INFO) start
 2019--04--16 00:53:58 (class:Main)-(INFO) 219fdb0fe3fdfd79037c108156c8d27f41a95038	parent:77309b9996fbff6367d7d9ce83f3399a47ec76fa
 2019--04--16 00:53:58 (class:Main)-(INFO) 77309b9996fbff6367d7d9ce83f3399a47ec76fa	parent:9deef53d498a6f308fa622be7015626bf9890dc4
 2019--04--16 00:54:00 (class:Main)-(INFO) 9deef53d498a6f308fa622be7015626bf9890dc4	parent:fbc36c71f91fd25deca7480ec25010fba49fb035
 2019--04--16 00:54:03 (class:Main)-(INFO) fbc36c71f91fd25deca7480ec25010fba49fb035	parent:c90366335f370a96330ccc3d348d136c8fe44c85
 2019--04--16 00:54:04 (class:Main)-(INFO) c90366335f370a96330ccc3d348d136c8fe44c85	parent:d6a39cf4ab1f0c6b4c54a5095261b1677d7cf41d
 2019--04--16 00:54:05 (class:Main)-(INFO) d6a39cf4ab1f0c6b4c54a5095261b1677d7cf41d	parent:359f0c65c3a61e8e295db779da842573dcb26bb5
 2019--04--16 00:54:15 (class:Main)-(INFO) 359f0c65c3a61e8e295db779da842573dcb26bb5	parent:dbb4e4b4ba2fa774784ef2fe5e26c49e6cc49344
 2019--04--16 00:54:23 (class:Main)-(INFO) dbb4e4b4ba2fa774784ef2fe5e26c49e6cc49344	parent:827d338d08dde15f8cabfdd05d7a1a56772df026
 2019--04--16 00:54:23 (class:Main)-(INFO) 827d338d08dde15f8cabfdd05d7a1a56772df026	parent:8d2d99f6b2ed4234276261f8e2ec910aa7f2c8a1
 2019--04--16 00:54:24 (class:Main)-(INFO) 8d2d99f6b2ed4234276261f8e2ec910aa7f2c8a1	parent:6664ed27026c035104a4936a0847e7587e1c3fe0
 2019--04--16 00:54:25 (class:Main)-(INFO) 6664ed27026c035104a4936a0847e7587e1c3fe0	parent:c8a89afd4fad7cd81d411abb12e63b11898eab23
 2019--04--16 00:54:31 (class:Main)-(INFO) c8a89afd4fad7cd81d411abb12e63b11898eab23	parent:ee500d97b287e09eec3dc8f5c9aa98a19f1528a4
 2019--04--16 00:56:39 (class:Main)-(INFO) start
 2019--04--16 00:57:13 (class:net.TextDown)-(INFO) https://github.com/gchq/Gaffer/raw/ee500d97b287e09eec3dc8f5c9aa98a19f1528a4/store-implementation/parquet-store/src/main/java/uk/gov/gchq/gaffer/parquetstore/operation/handler/spark/GetDataFrameOfElementsHandler.java	java.io.FileNotFoundException: https://github.com/gchq/Gaffer/raw/ee500d97b287e09eec3dc8f5c9aa98a19f1528a4/store-implementation/parquet-store/src/main/java/uk/gov/gchq/gaffer/parquetstore/operation/handler/spark/GetDataFrameOfElementsHandler.java
 2019--04--16 00:58:05 (class:Main)-(INFO) start
 2019--04--16 00:58:31 (class:net.TextDown)-(INFO) https://github.com/gchq/Gaffer/raw/ee500d97b287e09eec3dc8f5c9aa98a19f1528a4/store-implementation/parquet-store/src/main/java/uk/gov/gchq/gaffer/parquetstore/operation/handler/spark/GetDataFrameOfElementsHandler.java	java.io.FileNotFoundException: https://github.com/gchq/Gaffer/raw/ee500d97b287e09eec3dc8f5c9aa98a19f1528a4/store-implementation/parquet-store/src/main/java/uk/gov/gchq/gaffer/parquetstore/operation/handler/spark/GetDataFrameOfElementsHandler.java
 2019--04--16 00:58:59 (class:net.TextDown)-(INFO) https://github.com/gchq/Gaffer/raw/4341738437932378e573e4a191d6322745f01c08/library/time-library/src/main/java/uk/gov/gchq/gaffer/time/function/MaskTimestampSetByTimeRange.java	java.io.FileNotFoundException: https://github.com/gchq/Gaffer/raw/4341738437932378e573e4a191d6322745f01c08/library/time-library/src/main/java/uk/gov/gchq/gaffer/time/function/MaskTimestampSetByTimeRange.java
 2019--04--16 00:59:04 (class:net.TextDown)-(INFO) https://github.com/gchq/Gaffer/raw/4341738437932378e573e4a191d6322745f01c08/library/time-library/src/test/java/uk/gov/gchq/gaffer/time/function/MaskTimestampSetByTimeRangeTest.java	java.io.FileNotFoundException: https://github.com/gchq/Gaffer/raw/4341738437932378e573e4a191d6322745f01c08/library/time-library/src/test/java/uk/gov/gchq/gaffer/time/function/MaskTimestampSetByTimeRangeTest.java
 2019--04--16 01:01:46 (class:net.TextDown)-(INFO) https://github.com/gchq/Gaffer/raw/41421bb67d1f64046190937642c702623a1008dc/core/operation/src/test/java/uk/gov/gchq/gaffer/named/operation/ParameterDetailTest.java	java.io.FileNotFoundException: https://github.com/gchq/Gaffer/raw/41421bb67d1f64046190937642c702623a1008dc/core/operation/src/test/java/uk/gov/gchq/gaffer/named/operation/ParameterDetailTest.java
 2019--04--16 01:02:11 (class:net.TextDown)-(INFO) https://github.com/gchq/Gaffer/raw/c46838509aaafd207f83a44f7f2e0072776a2e51/core/operation/src/main/java/uk/gov/gchq/gaffer/jobtracker/Job.java	java.io.FileNotFoundException: https://github.com/gchq/Gaffer/raw/c46838509aaafd207f83a44f7f2e0072776a2e51/core/operation/src/main/java/uk/gov/gchq/gaffer/jobtracker/Job.java
 2019--04--16 01:02:20 (class:net.TextDown)-(INFO) https://github.com/gchq/Gaffer/raw/c46838509aaafd207f83a44f7f2e0072776a2e51/core/operation/src/main/java/uk/gov/gchq/gaffer/jobtracker/Repeat.java	java.io.FileNotFoundException: https://github.com/gchq/Gaffer/raw/c46838509aaafd207f83a44f7f2e0072776a2e51/core/operation/src/main/java/uk/gov/gchq/gaffer/jobtracker/Repeat.java
 2019--04--16 01:02:22 (class:net.TextDown)-(INFO) https://github.com/gchq/Gaffer/raw/c46838509aaafd207f83a44f7f2e0072776a2e51/core/operation/src/main/java/uk/gov/gchq/gaffer/operation/impl/job/CancelScheduledJob.java	java.io.FileNotFoundException: https://github.com/gchq/Gaffer/raw/c46838509aaafd207f83a44f7f2e0072776a2e51/core/operation/src/main/java/uk/gov/gchq/gaffer/operation/impl/job/CancelScheduledJob.java
 2019--04--16 01:02:25 (class:net.TextDown)-(INFO) https://github.com/gchq/Gaffer/raw/c46838509aaafd207f83a44f7f2e0072776a2e51/core/operation/src/test/java/uk/gov/gchq/gaffer/operation/job/CancelScheduledJobTest.java	java.io.FileNotFoundException: https://github.com/gchq/Gaffer/raw/c46838509aaafd207f83a44f7f2e0072776a2e51/core/operation/src/test/java/uk/gov/gchq/gaffer/operation/job/CancelScheduledJobTest.java
 2019--04--16 01:02:29 (class:net.TextDown)-(INFO) https://github.com/gchq/Gaffer/raw/c46838509aaafd207f83a44f7f2e0072776a2e51/core/store/src/main/java/uk/gov/gchq/gaffer/store/operation/handler/job/CancelScheduledJobHandler.java	java.io.FileNotFoundException: https://github.com/gchq/Gaffer/raw/c46838509aaafd207f83a44f7f2e0072776a2e51/core/store/src/main/java/uk/gov/gchq/gaffer/store/operation/handler/job/CancelScheduledJobHandler.java
 2019--04--16 01:02:34 (class:net.TextDown)-(INFO) https://github.com/gchq/Gaffer/raw/c46838509aaafd207f83a44f7f2e0072776a2e51/core/store/src/test/java/uk/gov/gchq/gaffer/store/operation/handler/job/CancelScheduledJobHandlerTest.java	java.io.FileNotFoundException: https://github.com/gchq/Gaffer/raw/c46838509aaafd207f83a44f7f2e0072776a2e51/core/store/src/test/java/uk/gov/gchq/gaffer/store/operation/handler/job/CancelScheduledJobHandlerTest.java
 2019--04--16 01:02:42 (class:net.TextDown)-(INFO) https://github.com/gchq/Gaffer/raw/c46838509aaafd207f83a44f7f2e0072776a2e51/rest-api/core-rest/src/test/java/uk/gov/gchq/gaffer/rest/service/v2/JobServiceV2IT.java	java.io.FileNotFoundException: https://github.com/gchq/Gaffer/raw/c46838509aaafd207f83a44f7f2e0072776a2e51/rest-api/core-rest/src/test/java/uk/gov/gchq/gaffer/rest/service/v2/JobServiceV2IT.java
 