2019--04--16 01:24:44 (class:Main)-(INFO) start
 2019--04--16 01:24:48 (class:Main)-(INFO) 219fdb0fe3fdfd79037c108156c8d27f41a95038 p: 77309b9996fbff6367d7d9ce83f3399a47ec76fa
 2019--04--16 01:24:48 (class:Main)-(INFO) 77309b9996fbff6367d7d9ce83f3399a47ec76fa p: 9deef53d498a6f308fa622be7015626bf9890dc4
 2019--04--16 01:24:49 (class:Main)-(INFO) 9deef53d498a6f308fa622be7015626bf9890dc4 p: fbc36c71f91fd25deca7480ec25010fba49fb035
 2019--04--16 01:24:52 (class:Main)-(INFO) fbc36c71f91fd25deca7480ec25010fba49fb035 p: c90366335f370a96330ccc3d348d136c8fe44c85
 2019--04--16 01:24:52 (class:Main)-(INFO) c90366335f370a96330ccc3d348d136c8fe44c85 p: d6a39cf4ab1f0c6b4c54a5095261b1677d7cf41d
 2019--04--16 01:24:53 (class:Main)-(INFO) d6a39cf4ab1f0c6b4c54a5095261b1677d7cf41d p: 359f0c65c3a61e8e295db779da842573dcb26bb5
 2019--04--16 01:25:00 (class:Main)-(INFO) 359f0c65c3a61e8e295db779da842573dcb26bb5 p: dbb4e4b4ba2fa774784ef2fe5e26c49e6cc49344
 2019--04--16 01:25:06 (class:Main)-(INFO) dbb4e4b4ba2fa774784ef2fe5e26c49e6cc49344 p: 827d338d08dde15f8cabfdd05d7a1a56772df026
 2019--04--16 01:25:09 (class:Main)-(INFO) 827d338d08dde15f8cabfdd05d7a1a56772df026 p: 8d2d99f6b2ed4234276261f8e2ec910aa7f2c8a1
 2019--04--16 01:25:12 (class:Main)-(INFO) 8d2d99f6b2ed4234276261f8e2ec910aa7f2c8a1 p: 6664ed27026c035104a4936a0847e7587e1c3fe0
 2019--04--16 01:25:13 (class:Main)-(INFO) 6664ed27026c035104a4936a0847e7587e1c3fe0 p: c8a89afd4fad7cd81d411abb12e63b11898eab23
 2019--04--16 01:25:17 (class:Main)-(INFO) c8a89afd4fad7cd81d411abb12e63b11898eab23 p: ee500d97b287e09eec3dc8f5c9aa98a19f1528a4
 2019--04--16 01:25:20 (class:net.TextDown)-(INFO) from2:true	https://github.com/gchq/Gaffer/raw/ee500d97b287e09eec3dc8f5c9aa98a19f1528a4/store-implementation/parquet-store/src/main/java/uk/gov/gchq/gaffer/parquetstore/operation/handler/spark/GetDataFrameOfElementsHandler.java	java.io.FileNotFoundException: https://github.com/gchq/Gaffer/raw/ee500d97b287e09eec3dc8f5c9aa98a19f1528a4/store-implementation/parquet-store/src/main/java/uk/gov/gchq/gaffer/parquetstore/operation/handler/spark/GetDataFrameOfElementsHandler.java
 2019--04--16 01:25:41 (class:Main)-(INFO) ee500d97b287e09eec3dc8f5c9aa98a19f1528a4 p: 4341738437932378e573e4a191d6322745f01c08
 2019--04--16 01:25:45 (class:net.TextDown)-(INFO) from2:true	https://github.com/gchq/Gaffer/raw/4341738437932378e573e4a191d6322745f01c08/library/time-library/src/main/java/uk/gov/gchq/gaffer/time/function/MaskTimestampSetByTimeRange.java	java.io.FileNotFoundException: https://github.com/gchq/Gaffer/raw/4341738437932378e573e4a191d6322745f01c08/library/time-library/src/main/java/uk/gov/gchq/gaffer/time/function/MaskTimestampSetByTimeRange.java
 2019--04--16 01:25:48 (class:net.TextDown)-(INFO) from2:true	https://github.com/gchq/Gaffer/raw/4341738437932378e573e4a191d6322745f01c08/library/time-library/src/test/java/uk/gov/gchq/gaffer/time/function/MaskTimestampSetByTimeRangeTest.java	java.io.FileNotFoundException: https://github.com/gchq/Gaffer/raw/4341738437932378e573e4a191d6322745f01c08/library/time-library/src/test/java/uk/gov/gchq/gaffer/time/function/MaskTimestampSetByTimeRangeTest.java
 2019--04--16 01:25:49 (class:Main)-(INFO) 4341738437932378e573e4a191d6322745f01c08 p: a6f5cae6ccd9390b943f164afb2b193b1c58a1e4
 2019--04--16 01:28:32 (class:Main)-(INFO) start
 2019--04--16 01:28:35 (class:Main)-(INFO) 219fdb0fe3fdfd79037c108156c8d27f41a95038 p: 77309b9996fbff6367d7d9ce83f3399a47ec76fa
 2019--04--16 01:28:36 (class:Main)-(INFO) 77309b9996fbff6367d7d9ce83f3399a47ec76fa p: 9deef53d498a6f308fa622be7015626bf9890dc4
 2019--04--16 01:28:36 (class:Main)-(INFO) 9deef53d498a6f308fa622be7015626bf9890dc4 p: fbc36c71f91fd25deca7480ec25010fba49fb035
 2019--04--16 01:28:39 (class:Main)-(INFO) fbc36c71f91fd25deca7480ec25010fba49fb035 p: c90366335f370a96330ccc3d348d136c8fe44c85
 2019--04--16 01:28:40 (class:Main)-(INFO) c90366335f370a96330ccc3d348d136c8fe44c85 p: d6a39cf4ab1f0c6b4c54a5095261b1677d7cf41d
 2019--04--16 01:28:41 (class:Main)-(INFO) d6a39cf4ab1f0c6b4c54a5095261b1677d7cf41d p: 359f0c65c3a61e8e295db779da842573dcb26bb5
 2019--04--16 01:28:50 (class:Main)-(INFO) 359f0c65c3a61e8e295db779da842573dcb26bb5 p: dbb4e4b4ba2fa774784ef2fe5e26c49e6cc49344
 2019--04--16 01:28:58 (class:Main)-(INFO) dbb4e4b4ba2fa774784ef2fe5e26c49e6cc49344 p: 827d338d08dde15f8cabfdd05d7a1a56772df026
 2019--04--16 01:28:59 (class:Main)-(INFO) 827d338d08dde15f8cabfdd05d7a1a56772df026 p: 8d2d99f6b2ed4234276261f8e2ec910aa7f2c8a1
 2019--04--16 01:29:00 (class:Main)-(INFO) 8d2d99f6b2ed4234276261f8e2ec910aa7f2c8a1 p: 6664ed27026c035104a4936a0847e7587e1c3fe0
 2019--04--16 01:29:00 (class:Main)-(INFO) 6664ed27026c035104a4936a0847e7587e1c3fe0 p: c8a89afd4fad7cd81d411abb12e63b11898eab23
 2019--04--16 01:29:06 (class:Main)-(INFO) c8a89afd4fad7cd81d411abb12e63b11898eab23 p: ee500d97b287e09eec3dc8f5c9aa98a19f1528a4
 2019--04--16 01:29:09 (class:net.TextDown)-(INFO) from2:true	https://github.com/gchq/Gaffer/raw/ee500d97b287e09eec3dc8f5c9aa98a19f1528a4/store-implementation/parquet-store/src/main/java/uk/gov/gchq/gaffer/parquetstore/operation/handler/spark/GetDataFrameOfElementsHandler.java	java.io.FileNotFoundException: https://github.com/gchq/Gaffer/raw/ee500d97b287e09eec3dc8f5c9aa98a19f1528a4/store-implementation/parquet-store/src/main/java/uk/gov/gchq/gaffer/parquetstore/operation/handler/spark/GetDataFrameOfElementsHandler.java
 2019--04--16 01:29:39 (class:Main)-(INFO) ee500d97b287e09eec3dc8f5c9aa98a19f1528a4 p: 4341738437932378e573e4a191d6322745f01c08
 2019--04--16 01:29:43 (class:net.TextDown)-(INFO) from2:true	https://github.com/gchq/Gaffer/raw/4341738437932378e573e4a191d6322745f01c08/library/time-library/src/main/java/uk/gov/gchq/gaffer/time/function/MaskTimestampSetByTimeRange.java	java.io.FileNotFoundException: https://github.com/gchq/Gaffer/raw/4341738437932378e573e4a191d6322745f01c08/library/time-library/src/main/java/uk/gov/gchq/gaffer/time/function/MaskTimestampSetByTimeRange.java
 2019--04--16 01:29:47 (class:net.TextDown)-(INFO) from2:true	https://github.com/gchq/Gaffer/raw/4341738437932378e573e4a191d6322745f01c08/library/time-library/src/test/java/uk/gov/gchq/gaffer/time/function/MaskTimestampSetByTimeRangeTest.java	java.io.FileNotFoundException: https://github.com/gchq/Gaffer/raw/4341738437932378e573e4a191d6322745f01c08/library/time-library/src/test/java/uk/gov/gchq/gaffer/time/function/MaskTimestampSetByTimeRangeTest.java
 2019--04--16 01:29:48 (class:Main)-(INFO) 4341738437932378e573e4a191d6322745f01c08 p: a6f5cae6ccd9390b943f164afb2b193b1c58a1e4
 2019--04--16 01:32:19 (class:Main)-(INFO) a6f5cae6ccd9390b943f164afb2b193b1c58a1e4 p: 41421bb67d1f64046190937642c702623a1008dc
 2019--04--16 01:32:26 (class:net.TextDown)-(INFO) from2:true	https://github.com/gchq/Gaffer/raw/41421bb67d1f64046190937642c702623a1008dc/core/operation/src/test/java/uk/gov/gchq/gaffer/named/operation/ParameterDetailTest.java	java.io.FileNotFoundException: https://github.com/gchq/Gaffer/raw/41421bb67d1f64046190937642c702623a1008dc/core/operation/src/test/java/uk/gov/gchq/gaffer/named/operation/ParameterDetailTest.java
 2019--04--16 01:32:29 (class:Main)-(INFO) 41421bb67d1f64046190937642c702623a1008dc p: 928e6d583a27d42937e8e393acb86cd8124b1333
 2019--04--16 01:32:32 (class:Main)-(INFO) 928e6d583a27d42937e8e393acb86cd8124b1333 p: 5c7f67dbd4335c52cbefb2685bc351f0f0c89fd7
 2019--04--16 01:32:38 (class:Main)-(INFO) 5c7f67dbd4335c52cbefb2685bc351f0f0c89fd7 p: 62d63c8fb423de1ef8419d4f4aad2e86ef406248
 2019--04--16 01:32:43 (class:Main)-(INFO) 62d63c8fb423de1ef8419d4f4aad2e86ef406248 p: c46838509aaafd207f83a44f7f2e0072776a2e51
 2019--04--16 01:32:49 (class:net.TextDown)-(INFO) from2:true	https://github.com/gchq/Gaffer/raw/c46838509aaafd207f83a44f7f2e0072776a2e51/core/operation/src/main/java/uk/gov/gchq/gaffer/jobtracker/Job.java	java.io.FileNotFoundException: https://github.com/gchq/Gaffer/raw/c46838509aaafd207f83a44f7f2e0072776a2e51/core/operation/src/main/java/uk/gov/gchq/gaffer/jobtracker/Job.java
 2019--04--16 01:32:58 (class:net.TextDown)-(INFO) from2:true	https://github.com/gchq/Gaffer/raw/c46838509aaafd207f83a44f7f2e0072776a2e51/core/operation/src/main/java/uk/gov/gchq/gaffer/jobtracker/Repeat.java	java.io.FileNotFoundException: https://github.com/gchq/Gaffer/raw/c46838509aaafd207f83a44f7f2e0072776a2e51/core/operation/src/main/java/uk/gov/gchq/gaffer/jobtracker/Repeat.java
 2019--04--16 01:33:01 (class:net.TextDown)-(INFO) from2:true	https://github.com/gchq/Gaffer/raw/c46838509aaafd207f83a44f7f2e0072776a2e51/core/operation/src/main/java/uk/gov/gchq/gaffer/operation/impl/job/CancelScheduledJob.java	java.io.FileNotFoundException: https://github.com/gchq/Gaffer/raw/c46838509aaafd207f83a44f7f2e0072776a2e51/core/operation/src/main/java/uk/gov/gchq/gaffer/operation/impl/job/CancelScheduledJob.java
 2019--04--16 01:33:03 (class:net.TextDown)-(INFO) from2:true	https://github.com/gchq/Gaffer/raw/c46838509aaafd207f83a44f7f2e0072776a2e51/core/operation/src/test/java/uk/gov/gchq/gaffer/operation/job/CancelScheduledJobTest.java	java.io.FileNotFoundException: https://github.com/gchq/Gaffer/raw/c46838509aaafd207f83a44f7f2e0072776a2e51/core/operation/src/test/java/uk/gov/gchq/gaffer/operation/job/CancelScheduledJobTest.java
 2019--04--16 01:33:07 (class:net.TextDown)-(INFO) from2:true	https://github.com/gchq/Gaffer/raw/c46838509aaafd207f83a44f7f2e0072776a2e51/core/store/src/main/java/uk/gov/gchq/gaffer/store/operation/handler/job/CancelScheduledJobHandler.java	java.io.FileNotFoundException: https://github.com/gchq/Gaffer/raw/c46838509aaafd207f83a44f7f2e0072776a2e51/core/store/src/main/java/uk/gov/gchq/gaffer/store/operation/handler/job/CancelScheduledJobHandler.java
 2019--04--16 01:33:11 (class:net.TextDown)-(INFO) from2:true	https://github.com/gchq/Gaffer/raw/c46838509aaafd207f83a44f7f2e0072776a2e51/core/store/src/test/java/uk/gov/gchq/gaffer/store/operation/handler/job/CancelScheduledJobHandlerTest.java	java.io.FileNotFoundException: https://github.com/gchq/Gaffer/raw/c46838509aaafd207f83a44f7f2e0072776a2e51/core/store/src/test/java/uk/gov/gchq/gaffer/store/operation/handler/job/CancelScheduledJobHandlerTest.java
 2019--04--16 01:33:20 (class:net.TextDown)-(INFO) from2:true	https://github.com/gchq/Gaffer/raw/c46838509aaafd207f83a44f7f2e0072776a2e51/rest-api/core-rest/src/test/java/uk/gov/gchq/gaffer/rest/service/v2/JobServiceV2IT.java	java.io.FileNotFoundException: https://github.com/gchq/Gaffer/raw/c46838509aaafd207f83a44f7f2e0072776a2e51/rest-api/core-rest/src/test/java/uk/gov/gchq/gaffer/rest/service/v2/JobServiceV2IT.java
 2019--04--16 01:33:23 (class:Main)-(INFO) c46838509aaafd207f83a44f7f2e0072776a2e51 p: 8670ffe5935285d48bc74d4860d3e56b4e139316
 2019--04--16 01:33:43 (class:Main)-(INFO) 8670ffe5935285d48bc74d4860d3e56b4e139316 p: 63bb613ae1c5696f5cea894b51c33df809aa97d5
 2019--04--16 01:33:46 (class:Main)-(INFO) 63bb613ae1c5696f5cea894b51c33df809aa97d5 p: aede1fc882c3c30f1f2c9aa04e1df2bba6e9de4f
 2019--04--16 01:33:51 (class:Main)-(INFO) aede1fc882c3c30f1f2c9aa04e1df2bba6e9de4f p: 6796cdc6d95a2d5ba4d0fff3b01512b5a7da81b9
 2019--04--16 01:33:52 (class:net.TextDown)-(INFO) from2:true	https://github.com/gchq/Gaffer/raw/6796cdc6d95a2d5ba4d0fff3b01512b5a7da81b9/library/sketches-library/src/main/java/uk/gov/gchq/gaffer/sketches/datasketches/cardinality/serialisation/json/HllSketchJsonConstants.java	java.io.FileNotFoundException: https://github.com/gchq/Gaffer/raw/6796cdc6d95a2d5ba4d0fff3b01512b5a7da81b9/library/sketches-library/src/main/java/uk/gov/gchq/gaffer/sketches/datasketches/cardinality/serialisation/json/HllSketchJsonConstants.java
 2019--04--16 01:33:54 (class:net.TextDown)-(INFO) from2:true	https://github.com/gchq/Gaffer/raw/6796cdc6d95a2d5ba4d0fff3b01512b5a7da81b9/library/sketches-library/src/main/java/uk/gov/gchq/gaffer/sketches/datasketches/cardinality/serialisation/json/HllSketchJsonDeserialiser.java	java.io.FileNotFoundException: https://github.com/gchq/Gaffer/raw/6796cdc6d95a2d5ba4d0fff3b01512b5a7da81b9/library/sketches-library/src/main/java/uk/gov/gchq/gaffer/sketches/datasketches/cardinality/serialisation/json/HllSketchJsonDeserialiser.java
 2019--04--16 01:33:56 (class:net.TextDown)-(INFO) from2:true	https://github.com/gchq/Gaffer/raw/6796cdc6d95a2d5ba4d0fff3b01512b5a7da81b9/library/sketches-library/src/main/java/uk/gov/gchq/gaffer/sketches/datasketches/cardinality/serialisation/json/HllSketchJsonSerialiser.java	java.io.FileNotFoundException: https://github.com/gchq/Gaffer/raw/6796cdc6d95a2d5ba4d0fff3b01512b5a7da81b9/library/sketches-library/src/main/java/uk/gov/gchq/gaffer/sketches/datasketches/cardinality/serialisation/json/HllSketchJsonSerialiser.java
 2019--04--16 01:33:58 (class:net.TextDown)-(INFO) from2:true	https://github.com/gchq/Gaffer/raw/6796cdc6d95a2d5ba4d0fff3b01512b5a7da81b9/library/sketches-library/src/main/java/uk/gov/gchq/gaffer/sketches/datasketches/cardinality/serialisation/json/package-info.java	java.io.FileNotFoundException: https://github.com/gchq/Gaffer/raw/6796cdc6d95a2d5ba4d0fff3b01512b5a7da81b9/library/sketches-library/src/main/java/uk/gov/gchq/gaffer/sketches/datasketches/cardinality/serialisation/json/package-info.java
 2019--04--16 01:34:02 (class:net.TextDown)-(INFO) from2:true	https://github.com/gchq/Gaffer/raw/6796cdc6d95a2d5ba4d0fff3b01512b5a7da81b9/library/sketches-library/src/test/java/uk/gov/gchq/gaffer/sketches/datasketches/cardinality/serialisation/json/HllpSketchJsonSerialisationTest.java	java.io.FileNotFoundException: https://github.com/gchq/Gaffer/raw/6796cdc6d95a2d5ba4d0fff3b01512b5a7da81b9/library/sketches-library/src/test/java/uk/gov/gchq/gaffer/sketches/datasketches/cardinality/serialisation/json/HllpSketchJsonSerialisationTest.java
 2019--04--16 01:34:04 (class:Main)-(INFO) 6796cdc6d95a2d5ba4d0fff3b01512b5a7da81b9 p: 03bf2890109894f8725d962b8cc480ad48f2e3b3
 2019--04--16 01:34:20 (class:net.TextDown)-(INFO) from2:true	https://github.com/gchq/Gaffer/raw/03bf2890109894f8725d962b8cc480ad48f2e3b3/core/type/src/main/java/uk/gov/gchq/gaffer/serialisation/CustomMapSerialiser.java	java.io.FileNotFoundException: https://github.com/gchq/Gaffer/raw/03bf2890109894f8725d962b8cc480ad48f2e3b3/core/type/src/main/java/uk/gov/gchq/gaffer/serialisation/CustomMapSerialiser.java
 2019--04--16 01:34:22 (class:net.TextDown)-(INFO) from2:true	https://github.com/gchq/Gaffer/raw/03bf2890109894f8725d962b8cc480ad48f2e3b3/core/type/src/main/java/uk/gov/gchq/gaffer/types/CustomMap.java	java.io.FileNotFoundException: https://github.com/gchq/Gaffer/raw/03bf2890109894f8725d962b8cc480ad48f2e3b3/core/type/src/main/java/uk/gov/gchq/gaffer/types/CustomMap.java
 2019--04--16 01:34:23 (class:net.TextDown)-(INFO) from2:true	https://github.com/gchq/Gaffer/raw/03bf2890109894f8725d962b8cc480ad48f2e3b3/core/type/src/test/java/uk/gov/gchq/gaffer/serialisation/CustomMapSerialiserTest.java	java.io.FileNotFoundException: https://github.com/gchq/Gaffer/raw/03bf2890109894f8725d962b8cc480ad48f2e3b3/core/type/src/test/java/uk/gov/gchq/gaffer/serialisation/CustomMapSerialiserTest.java
 2019--04--16 01:34:25 (class:net.TextDown)-(INFO) from2:true	https://github.com/gchq/Gaffer/raw/03bf2890109894f8725d962b8cc480ad48f2e3b3/core/type/src/test/java/uk/gov/gchq/gaffer/types/CustomMapTest.java	java.io.FileNotFoundException: https://github.com/gchq/Gaffer/raw/03bf2890109894f8725d962b8cc480ad48f2e3b3/core/type/src/test/java/uk/gov/gchq/gaffer/types/CustomMapTest.java
 2019--04--16 01:34:26 (class:Main)-(INFO) 03bf2890109894f8725d962b8cc480ad48f2e3b3 p: 8e676282e75252e7948cb32ba94cad623978b313
 2019--04--16 01:34:36 (class:Main)-(INFO) 8e676282e75252e7948cb32ba94cad623978b313 p: fc9a587e041dd1112007440e69cb64a0dce01637
 2019--04--16 01:34:55 (class:net.TextDown)-(INFO) from2:true	https://github.com/gchq/Gaffer/raw/fc9a587e041dd1112007440e69cb64a0dce01637/core/operation/src/test/java/uk/gov/gchq/gaffer/named/operation/NamedOperationTest.java	java.io.FileNotFoundException: https://github.com/gchq/Gaffer/raw/fc9a587e041dd1112007440e69cb64a0dce01637/core/operation/src/test/java/uk/gov/gchq/gaffer/named/operation/NamedOperationTest.java
 2019--04--16 01:34:59 (class:Main)-(INFO) a9af361b92de58efb79ccb5f798658c504b5be9b p: 3d3da56086249d8158615c3e03d2f8d44b4abd5c
 2019--04--16 01:35:00 (class:Main)-(INFO) 3d3da56086249d8158615c3e03d2f8d44b4abd5c p: 4c9c8a7b1dbfc1dd7bb73de8e4d8d43e2a43cbc0
 2019--04--16 01:35:17 (class:net.TextDown)-(INFO) from2:true	https://github.com/gchq/Gaffer/raw/4c9c8a7b1dbfc1dd7bb73de8e4d8d43e2a43cbc0/core/operation/src/test/java/uk/gov/gchq/gaffer/named/operation/NamedOperationTest.java	java.io.FileNotFoundException: https://github.com/gchq/Gaffer/raw/4c9c8a7b1dbfc1dd7bb73de8e4d8d43e2a43cbc0/core/operation/src/test/java/uk/gov/gchq/gaffer/named/operation/NamedOperationTest.java
 2019--04--16 01:35:21 (class:Main)-(INFO) 4c9c8a7b1dbfc1dd7bb73de8e4d8d43e2a43cbc0 p: f7f8387c7097a941d6b380301337006e8f146436
 2019--04--16 01:35:22 (class:Main)-(INFO) fc9a587e041dd1112007440e69cb64a0dce01637 p: 3fbe40257f5a02c6f792f389e8643e9de23096d0
 2019--04--16 01:35:22 (class:Main)-(INFO) 3fbe40257f5a02c6f792f389e8643e9de23096d0 p: 627aa6dca03bd1017e0b327aac26e5bb38d426f3
 2019--04--16 01:35:23 (class:Main)-(INFO) f7f8387c7097a941d6b380301337006e8f146436 p: c4e363ace625a8a653da565ab08045f0e1825e45
 2019--04--16 01:35:23 (class:Main)-(INFO) c4e363ace625a8a653da565ab08045f0e1825e45 p: 3f78a39177a83cc598e6a52e213fccb4e990b75d
 2019--04--16 01:35:26 (class:Main)-(INFO) 627aa6dca03bd1017e0b327aac26e5bb38d426f3 p: e0f038ede459e3e0d0111a667e57015fc6c6f669
 2019--04--16 01:35:29 (class:Main)-(INFO) d3d2471590b0c9c57654bc147a00abd091de0813 p: ae8c4f38eea5d3d81d6efb6fc608adaab22c5611
 2019--04--16 01:35:32 (class:Main)-(INFO) ae8c4f38eea5d3d81d6efb6fc608adaab22c5611 p: 254ae3da2c69210e1f309c927c33c4c3981a0bb0
 2019--04--16 01:35:33 (class:Main)-(INFO) e0f038ede459e3e0d0111a667e57015fc6c6f669 p: f09a8e7b7297a8eb2c30f41b057a5fa46afbc604
 2019--04--16 01:35:34 (class:Main)-(INFO) f09a8e7b7297a8eb2c30f41b057a5fa46afbc604 p: a3e51d4505184338af9d90ba50891c2b04def697
 2019--04--16 01:35:34 (class:Main)-(INFO) 3f78a39177a83cc598e6a52e213fccb4e990b75d p: 254ae3da2c69210e1f309c927c33c4c3981a0bb0
 2019--04--16 01:35:35 (class:Main)-(INFO) a3e51d4505184338af9d90ba50891c2b04def697 p: 6cf389213d2a8469d2c0b2af2a79ae428fe16c9e
 2019--04--16 01:36:36 (class:net.TextDown)-(INFO) from2:true	https://github.com/gchq/Gaffer/raw/6cf389213d2a8469d2c0b2af2a79ae428fe16c9e/core/store/src/main/java/uk/gov/gchq/gaffer/store/operation/handler/join/match/KeyFunctionMatch.java	java.io.FileNotFoundException: https://github.com/gchq/Gaffer/raw/6cf389213d2a8469d2c0b2af2a79ae428fe16c9e/core/store/src/main/java/uk/gov/gchq/gaffer/store/operation/handler/join/match/KeyFunctionMatch.java
 