2019--04--16 04:57:43 (class:MainDis)-(INFO) start
 2019--04--16 04:57:46 (class:MainDis)-(INFO) 219fdb0fe3fdfd79037c108156c8d27f41a95038 p 77309b9996fbff6367d7d9ce83f3399a47ec76fa
 2019--04--16 04:57:47 (class:MainDis)-(INFO) 77309b9996fbff6367d7d9ce83f3399a47ec76fa p 9deef53d498a6f308fa622be7015626bf9890dc4
 2019--04--16 04:57:48 (class:MainDis)-(INFO) 9deef53d498a6f308fa622be7015626bf9890dc4 p fbc36c71f91fd25deca7480ec25010fba49fb035
 2019--04--16 04:57:51 (class:MainDis)-(INFO) fbc36c71f91fd25deca7480ec25010fba49fb035 p c90366335f370a96330ccc3d348d136c8fe44c85
 2019--04--16 04:57:52 (class:MainDis)-(INFO) c90366335f370a96330ccc3d348d136c8fe44c85 p d6a39cf4ab1f0c6b4c54a5095261b1677d7cf41d
 2019--04--16 04:57:52 (class:MainDis)-(INFO) d6a39cf4ab1f0c6b4c54a5095261b1677d7cf41d p 359f0c65c3a61e8e295db779da842573dcb26bb5
 2019--04--16 04:58:02 (class:chdistill.MyChangedistiller)-(INFO) MODIFIERS: 	uk.gov.gchq.gaffer.time.function.MaskTimestampSetByTimeRangeTest.createTimestampSet()
 2019--04--16 04:58:02 (class:MainDis)-(INFO) d6a39cf4ab1f0c6b4c54a5095261b1677d7cf41d hasChangedModifer in:library/time-library/src/test/java/uk/gov/gchq/gaffer/time/function/MaskTimestampSetByTimeRangeTest.java
 2019--04--16 04:58:02 (class:MainDis)-(INFO) 359f0c65c3a61e8e295db779da842573dcb26bb5 p dbb4e4b4ba2fa774784ef2fe5e26c49e6cc49344
 2019--04--16 04:58:14 (class:MainDis)-(INFO) dbb4e4b4ba2fa774784ef2fe5e26c49e6cc49344 p 827d338d08dde15f8cabfdd05d7a1a56772df026
 2019--04--16 04:58:19 (class:MainDis)-(INFO) 827d338d08dde15f8cabfdd05d7a1a56772df026 p 8d2d99f6b2ed4234276261f8e2ec910aa7f2c8a1
 2019--04--16 04:58:20 (class:MainDis)-(INFO) 8d2d99f6b2ed4234276261f8e2ec910aa7f2c8a1 p 6664ed27026c035104a4936a0847e7587e1c3fe0
 2019--04--16 04:58:21 (class:MainDis)-(INFO) 6664ed27026c035104a4936a0847e7587e1c3fe0 p c8a89afd4fad7cd81d411abb12e63b11898eab23
 2019--04--16 04:58:26 (class:MainDis)-(INFO) c8a89afd4fad7cd81d411abb12e63b11898eab23 p ee500d97b287e09eec3dc8f5c9aa98a19f1528a4
 2019--04--16 04:58:30 (class:net.TextDown)-(INFO) right:false	https://github.com/gchq/Gaffer/raw/ee500d97b287e09eec3dc8f5c9aa98a19f1528a4/store-implementation/parquet-store/src/main/java/uk/gov/gchq/gaffer/parquetstore/operation/handler/spark/GetDataFrameOfElementsHandler.java	java.io.FileNotFoundException: https://github.com/gchq/Gaffer/raw/ee500d97b287e09eec3dc8f5c9aa98a19f1528a4/store-implementation/parquet-store/src/main/java/uk/gov/gchq/gaffer/parquetstore/operation/handler/spark/GetDataFrameOfElementsHandler.java
 2019--04--16 04:58:32 (class:net.TextDown)-(INFO) right:true	https://github.com/gchq/Gaffer/raw/c8a89afd4fad7cd81d411abb12e63b11898eab23/store-implementation/parquet-store/src/main/java/uk/gov/gchq/gaffer/parquetstore/operation/handler/spark/GetDataframeOfElementsHandler.java	java.io.FileNotFoundException: https://github.com/gchq/Gaffer/raw/c8a89afd4fad7cd81d411abb12e63b11898eab23/store-implementation/parquet-store/src/main/java/uk/gov/gchq/gaffer/parquetstore/operation/handler/spark/GetDataframeOfElementsHandler.java
 2019--04--16 04:58:57 (class:MainDis)-(INFO) ee500d97b287e09eec3dc8f5c9aa98a19f1528a4 p 4341738437932378e573e4a191d6322745f01c08
 2019--04--16 04:59:00 (class:net.TextDown)-(INFO) right:false	https://github.com/gchq/Gaffer/raw/4341738437932378e573e4a191d6322745f01c08/library/time-library/src/main/java/uk/gov/gchq/gaffer/time/function/MaskTimestampSetByTimeRange.java	java.io.FileNotFoundException: https://github.com/gchq/Gaffer/raw/4341738437932378e573e4a191d6322745f01c08/library/time-library/src/main/java/uk/gov/gchq/gaffer/time/function/MaskTimestampSetByTimeRange.java
 2019--04--16 04:59:05 (class:net.TextDown)-(INFO) right:false	https://github.com/gchq/Gaffer/raw/4341738437932378e573e4a191d6322745f01c08/library/time-library/src/test/java/uk/gov/gchq/gaffer/time/function/MaskTimestampSetByTimeRangeTest.java	java.io.FileNotFoundException: https://github.com/gchq/Gaffer/raw/4341738437932378e573e4a191d6322745f01c08/library/time-library/src/test/java/uk/gov/gchq/gaffer/time/function/MaskTimestampSetByTimeRangeTest.java
 2019--04--16 04:59:06 (class:MainDis)-(INFO) 4341738437932378e573e4a191d6322745f01c08 p a6f5cae6ccd9390b943f164afb2b193b1c58a1e4
 2019--04--16 05:01:50 (class:MainDis)-(INFO) a6f5cae6ccd9390b943f164afb2b193b1c58a1e4 p 41421bb67d1f64046190937642c702623a1008dc
 2019--04--16 05:01:56 (class:net.TextDown)-(INFO) right:false	https://github.com/gchq/Gaffer/raw/41421bb67d1f64046190937642c702623a1008dc/core/operation/src/test/java/uk/gov/gchq/gaffer/named/operation/ParameterDetailTest.java	java.io.FileNotFoundException: https://github.com/gchq/Gaffer/raw/41421bb67d1f64046190937642c702623a1008dc/core/operation/src/test/java/uk/gov/gchq/gaffer/named/operation/ParameterDetailTest.java
 2019--04--16 05:02:00 (class:MainDis)-(INFO) 41421bb67d1f64046190937642c702623a1008dc p 928e6d583a27d42937e8e393acb86cd8124b1333
 2019--04--16 05:02:03 (class:MainDis)-(INFO) 928e6d583a27d42937e8e393acb86cd8124b1333 p 5c7f67dbd4335c52cbefb2685bc351f0f0c89fd7
 2019--04--16 05:02:08 (class:MainDis)-(INFO) 5c7f67dbd4335c52cbefb2685bc351f0f0c89fd7 p 62d63c8fb423de1ef8419d4f4aad2e86ef406248
 2019--04--16 05:02:15 (class:MainDis)-(INFO) 62d63c8fb423de1ef8419d4f4aad2e86ef406248 p c46838509aaafd207f83a44f7f2e0072776a2e51
 2019--04--16 05:02:21 (class:net.TextDown)-(INFO) right:false	https://github.com/gchq/Gaffer/raw/c46838509aaafd207f83a44f7f2e0072776a2e51/core/operation/src/main/java/uk/gov/gchq/gaffer/jobtracker/Job.java	java.io.FileNotFoundException: https://github.com/gchq/Gaffer/raw/c46838509aaafd207f83a44f7f2e0072776a2e51/core/operation/src/main/java/uk/gov/gchq/gaffer/jobtracker/Job.java
 2019--04--16 05:02:29 (class:net.TextDown)-(INFO) right:false	https://github.com/gchq/Gaffer/raw/c46838509aaafd207f83a44f7f2e0072776a2e51/core/operation/src/main/java/uk/gov/gchq/gaffer/jobtracker/Repeat.java	java.io.FileNotFoundException: https://github.com/gchq/Gaffer/raw/c46838509aaafd207f83a44f7f2e0072776a2e51/core/operation/src/main/java/uk/gov/gchq/gaffer/jobtracker/Repeat.java
 2019--04--16 05:02:33 (class:net.TextDown)-(INFO) right:false	https://github.com/gchq/Gaffer/raw/c46838509aaafd207f83a44f7f2e0072776a2e51/core/operation/src/main/java/uk/gov/gchq/gaffer/operation/impl/job/CancelScheduledJob.java	java.io.FileNotFoundException: https://github.com/gchq/Gaffer/raw/c46838509aaafd207f83a44f7f2e0072776a2e51/core/operation/src/main/java/uk/gov/gchq/gaffer/operation/impl/job/CancelScheduledJob.java
 2019--04--16 05:02:35 (class:net.TextDown)-(INFO) right:false	https://github.com/gchq/Gaffer/raw/c46838509aaafd207f83a44f7f2e0072776a2e51/core/operation/src/test/java/uk/gov/gchq/gaffer/operation/job/CancelScheduledJobTest.java	java.io.FileNotFoundException: https://github.com/gchq/Gaffer/raw/c46838509aaafd207f83a44f7f2e0072776a2e51/core/operation/src/test/java/uk/gov/gchq/gaffer/operation/job/CancelScheduledJobTest.java
 2019--04--16 05:02:39 (class:net.TextDown)-(INFO) right:false	https://github.com/gchq/Gaffer/raw/c46838509aaafd207f83a44f7f2e0072776a2e51/core/store/src/main/java/uk/gov/gchq/gaffer/store/operation/handler/job/CancelScheduledJobHandler.java	java.io.FileNotFoundException: https://github.com/gchq/Gaffer/raw/c46838509aaafd207f83a44f7f2e0072776a2e51/core/store/src/main/java/uk/gov/gchq/gaffer/store/operation/handler/job/CancelScheduledJobHandler.java
 2019--04--16 05:02:43 (class:net.TextDown)-(INFO) right:false	https://github.com/gchq/Gaffer/raw/c46838509aaafd207f83a44f7f2e0072776a2e51/core/store/src/test/java/uk/gov/gchq/gaffer/store/operation/handler/job/CancelScheduledJobHandlerTest.java	java.io.FileNotFoundException: https://github.com/gchq/Gaffer/raw/c46838509aaafd207f83a44f7f2e0072776a2e51/core/store/src/test/java/uk/gov/gchq/gaffer/store/operation/handler/job/CancelScheduledJobHandlerTest.java
 2019--04--16 05:02:52 (class:net.TextDown)-(INFO) right:false	https://github.com/gchq/Gaffer/raw/c46838509aaafd207f83a44f7f2e0072776a2e51/rest-api/core-rest/src/test/java/uk/gov/gchq/gaffer/rest/service/v2/JobServiceV2IT.java	java.io.FileNotFoundException: https://github.com/gchq/Gaffer/raw/c46838509aaafd207f83a44f7f2e0072776a2e51/rest-api/core-rest/src/test/java/uk/gov/gchq/gaffer/rest/service/v2/JobServiceV2IT.java
 2019--04--16 05:02:55 (class:MainDis)-(INFO) c46838509aaafd207f83a44f7f2e0072776a2e51 p 8670ffe5935285d48bc74d4860d3e56b4e139316
 2019--04--16 05:03:11 (class:chdistill.MyChangedistiller)-(INFO) MODIFIERS: 	uk.gov.gchq.gaffer.graph.hook.NamedViewResolverTest.NamedViewResolverTest()
 2019--04--16 05:03:11 (class:MainDis)-(INFO) c46838509aaafd207f83a44f7f2e0072776a2e51 hasChangedModifer in:core/graph/src/test/java/uk/gov/gchq/gaffer/graph/hook/NamedViewResolverTest.java
 2019--04--16 05:03:14 (class:MainDis)-(INFO) 8670ffe5935285d48bc74d4860d3e56b4e139316 p 63bb613ae1c5696f5cea894b51c33df809aa97d5
 2019--04--16 05:03:17 (class:MainDis)-(INFO) 63bb613ae1c5696f5cea894b51c33df809aa97d5 p aede1fc882c3c30f1f2c9aa04e1df2bba6e9de4f
 2019--04--16 05:03:22 (class:MainDis)-(INFO) aede1fc882c3c30f1f2c9aa04e1df2bba6e9de4f p 6796cdc6d95a2d5ba4d0fff3b01512b5a7da81b9
 2019--04--16 05:03:23 (class:net.TextDown)-(INFO) right:false	https://github.com/gchq/Gaffer/raw/6796cdc6d95a2d5ba4d0fff3b01512b5a7da81b9/library/sketches-library/src/main/java/uk/gov/gchq/gaffer/sketches/datasketches/cardinality/serialisation/json/HllSketchJsonConstants.java	java.io.FileNotFoundException: https://github.com/gchq/Gaffer/raw/6796cdc6d95a2d5ba4d0fff3b01512b5a7da81b9/library/sketches-library/src/main/java/uk/gov/gchq/gaffer/sketches/datasketches/cardinality/serialisation/json/HllSketchJsonConstants.java
 2019--04--16 05:03:25 (class:net.TextDown)-(INFO) right:false	https://github.com/gchq/Gaffer/raw/6796cdc6d95a2d5ba4d0fff3b01512b5a7da81b9/library/sketches-library/src/main/java/uk/gov/gchq/gaffer/sketches/datasketches/cardinality/serialisation/json/HllSketchJsonDeserialiser.java	java.io.FileNotFoundException: https://github.com/gchq/Gaffer/raw/6796cdc6d95a2d5ba4d0fff3b01512b5a7da81b9/library/sketches-library/src/main/java/uk/gov/gchq/gaffer/sketches/datasketches/cardinality/serialisation/json/HllSketchJsonDeserialiser.java
 2019--04--16 05:03:27 (class:net.TextDown)-(INFO) right:false	https://github.com/gchq/Gaffer/raw/6796cdc6d95a2d5ba4d0fff3b01512b5a7da81b9/library/sketches-library/src/main/java/uk/gov/gchq/gaffer/sketches/datasketches/cardinality/serialisation/json/HllSketchJsonSerialiser.java	java.io.FileNotFoundException: https://github.com/gchq/Gaffer/raw/6796cdc6d95a2d5ba4d0fff3b01512b5a7da81b9/library/sketches-library/src/main/java/uk/gov/gchq/gaffer/sketches/datasketches/cardinality/serialisation/json/HllSketchJsonSerialiser.java
 2019--04--16 05:03:29 (class:net.TextDown)-(INFO) right:false	https://github.com/gchq/Gaffer/raw/6796cdc6d95a2d5ba4d0fff3b01512b5a7da81b9/library/sketches-library/src/main/java/uk/gov/gchq/gaffer/sketches/datasketches/cardinality/serialisation/json/package-info.java	java.io.FileNotFoundException: https://github.com/gchq/Gaffer/raw/6796cdc6d95a2d5ba4d0fff3b01512b5a7da81b9/library/sketches-library/src/main/java/uk/gov/gchq/gaffer/sketches/datasketches/cardinality/serialisation/json/package-info.java
 2019--04--16 05:03:33 (class:net.TextDown)-(INFO) right:false	https://github.com/gchq/Gaffer/raw/6796cdc6d95a2d5ba4d0fff3b01512b5a7da81b9/library/sketches-library/src/test/java/uk/gov/gchq/gaffer/sketches/datasketches/cardinality/serialisation/json/HllpSketchJsonSerialisationTest.java	java.io.FileNotFoundException: https://github.com/gchq/Gaffer/raw/6796cdc6d95a2d5ba4d0fff3b01512b5a7da81b9/library/sketches-library/src/test/java/uk/gov/gchq/gaffer/sketches/datasketches/cardinality/serialisation/json/HllpSketchJsonSerialisationTest.java
 2019--04--16 05:03:34 (class:MainDis)-(INFO) 6796cdc6d95a2d5ba4d0fff3b01512b5a7da81b9 p 03bf2890109894f8725d962b8cc480ad48f2e3b3
 2019--04--16 05:03:49 (class:net.TextDown)-(INFO) right:false	https://github.com/gchq/Gaffer/raw/03bf2890109894f8725d962b8cc480ad48f2e3b3/core/type/src/main/java/uk/gov/gchq/gaffer/serialisation/CustomMapSerialiser.java	java.io.FileNotFoundException: https://github.com/gchq/Gaffer/raw/03bf2890109894f8725d962b8cc480ad48f2e3b3/core/type/src/main/java/uk/gov/gchq/gaffer/serialisation/CustomMapSerialiser.java
 2019--04--16 05:03:51 (class:net.TextDown)-(INFO) right:false	https://github.com/gchq/Gaffer/raw/03bf2890109894f8725d962b8cc480ad48f2e3b3/core/type/src/main/java/uk/gov/gchq/gaffer/types/CustomMap.java	java.io.FileNotFoundException: https://github.com/gchq/Gaffer/raw/03bf2890109894f8725d962b8cc480ad48f2e3b3/core/type/src/main/java/uk/gov/gchq/gaffer/types/CustomMap.java
 2019--04--16 05:03:53 (class:net.TextDown)-(INFO) right:false	https://github.com/gchq/Gaffer/raw/03bf2890109894f8725d962b8cc480ad48f2e3b3/core/type/src/test/java/uk/gov/gchq/gaffer/serialisation/CustomMapSerialiserTest.java	java.io.FileNotFoundException: https://github.com/gchq/Gaffer/raw/03bf2890109894f8725d962b8cc480ad48f2e3b3/core/type/src/test/java/uk/gov/gchq/gaffer/serialisation/CustomMapSerialiserTest.java
 2019--04--16 05:03:55 (class:net.TextDown)-(INFO) right:false	https://github.com/gchq/Gaffer/raw/03bf2890109894f8725d962b8cc480ad48f2e3b3/core/type/src/test/java/uk/gov/gchq/gaffer/types/CustomMapTest.java	java.io.FileNotFoundException: https://github.com/gchq/Gaffer/raw/03bf2890109894f8725d962b8cc480ad48f2e3b3/core/type/src/test/java/uk/gov/gchq/gaffer/types/CustomMapTest.java
 2019--04--16 05:03:56 (class:MainDis)-(INFO) 03bf2890109894f8725d962b8cc480ad48f2e3b3 p 8e676282e75252e7948cb32ba94cad623978b313
 2019--04--16 05:04:06 (class:MainDis)-(INFO) 8e676282e75252e7948cb32ba94cad623978b313 p fc9a587e041dd1112007440e69cb64a0dce01637
 2019--04--16 05:04:23 (class:net.TextDown)-(INFO) right:false	https://github.com/gchq/Gaffer/raw/fc9a587e041dd1112007440e69cb64a0dce01637/core/operation/src/test/java/uk/gov/gchq/gaffer/named/operation/NamedOperationTest.java	java.io.FileNotFoundException: https://github.com/gchq/Gaffer/raw/fc9a587e041dd1112007440e69cb64a0dce01637/core/operation/src/test/java/uk/gov/gchq/gaffer/named/operation/NamedOperationTest.java
 2019--04--16 05:04:27 (class:MainDis)-(INFO) a9af361b92de58efb79ccb5f798658c504b5be9b p 3d3da56086249d8158615c3e03d2f8d44b4abd5c
 2019--04--16 05:04:27 (class:MainDis)-(INFO) 3d3da56086249d8158615c3e03d2f8d44b4abd5c p 4c9c8a7b1dbfc1dd7bb73de8e4d8d43e2a43cbc0
 2019--04--16 05:04:46 (class:net.TextDown)-(INFO) right:false	https://github.com/gchq/Gaffer/raw/4c9c8a7b1dbfc1dd7bb73de8e4d8d43e2a43cbc0/core/operation/src/test/java/uk/gov/gchq/gaffer/named/operation/NamedOperationTest.java	java.io.FileNotFoundException: https://github.com/gchq/Gaffer/raw/4c9c8a7b1dbfc1dd7bb73de8e4d8d43e2a43cbc0/core/operation/src/test/java/uk/gov/gchq/gaffer/named/operation/NamedOperationTest.java
 2019--04--16 05:04:50 (class:MainDis)-(INFO) 4c9c8a7b1dbfc1dd7bb73de8e4d8d43e2a43cbc0 p f7f8387c7097a941d6b380301337006e8f146436
 2019--04--16 05:04:50 (class:MainDis)-(INFO) fc9a587e041dd1112007440e69cb64a0dce01637 p 3fbe40257f5a02c6f792f389e8643e9de23096d0
 2019--04--16 05:04:51 (class:MainDis)-(INFO) 3fbe40257f5a02c6f792f389e8643e9de23096d0 p 627aa6dca03bd1017e0b327aac26e5bb38d426f3
 2019--04--16 05:04:51 (class:MainDis)-(INFO) f7f8387c7097a941d6b380301337006e8f146436 p c4e363ace625a8a653da565ab08045f0e1825e45
 2019--04--16 05:04:52 (class:MainDis)-(INFO) c4e363ace625a8a653da565ab08045f0e1825e45 p 3f78a39177a83cc598e6a52e213fccb4e990b75d
 2019--04--16 05:04:56 (class:MainDis)-(INFO) 627aa6dca03bd1017e0b327aac26e5bb38d426f3 p e0f038ede459e3e0d0111a667e57015fc6c6f669
 2019--04--16 05:04:59 (class:MainDis)-(INFO) d3d2471590b0c9c57654bc147a00abd091de0813 p ae8c4f38eea5d3d81d6efb6fc608adaab22c5611
 2019--04--16 05:05:02 (class:MainDis)-(INFO) ae8c4f38eea5d3d81d6efb6fc608adaab22c5611 p 254ae3da2c69210e1f309c927c33c4c3981a0bb0
 2019--04--16 05:05:03 (class:MainDis)-(INFO) e0f038ede459e3e0d0111a667e57015fc6c6f669 p f09a8e7b7297a8eb2c30f41b057a5fa46afbc604
 2019--04--16 05:05:03 (class:MainDis)-(INFO) f09a8e7b7297a8eb2c30f41b057a5fa46afbc604 p a3e51d4505184338af9d90ba50891c2b04def697
 2019--04--16 05:05:04 (class:MainDis)-(INFO) 3f78a39177a83cc598e6a52e213fccb4e990b75d p 254ae3da2c69210e1f309c927c33c4c3981a0bb0
 2019--04--16 05:05:04 (class:MainDis)-(INFO) a3e51d4505184338af9d90ba50891c2b04def697 p 6cf389213d2a8469d2c0b2af2a79ae428fe16c9e
 2019--04--16 05:05:27 (class:net.TextDown)-(INFO) right:true	https://github.com/gchq/Gaffer/raw/a3e51d4505184338af9d90ba50891c2b04def697/core/operation/src/main/java/uk/gov/gchq/gaffer/operation/impl/join/merge/Merge.java	java.io.FileNotFoundException: https://github.com/gchq/Gaffer/raw/a3e51d4505184338af9d90ba50891c2b04def697/core/operation/src/main/java/uk/gov/gchq/gaffer/operation/impl/join/merge/Merge.java
 2019--04--16 05:05:29 (class:net.TextDown)-(INFO) right:true	https://github.com/gchq/Gaffer/raw/a3e51d4505184338af9d90ba50891c2b04def697/core/operation/src/main/java/uk/gov/gchq/gaffer/operation/impl/join/methods/FullInnerJoin.java	java.io.FileNotFoundException: https://github.com/gchq/Gaffer/raw/a3e51d4505184338af9d90ba50891c2b04def697/core/operation/src/main/java/uk/gov/gchq/gaffer/operation/impl/join/methods/FullInnerJoin.java
 2019--04--16 05:05:33 (class:net.TextDown)-(INFO) right:true	https://github.com/gchq/Gaffer/raw/a3e51d4505184338af9d90ba50891c2b04def697/core/operation/src/main/java/uk/gov/gchq/gaffer/operation/impl/join/methods/FullOuterJoin.java	java.io.FileNotFoundException: https://github.com/gchq/Gaffer/raw/a3e51d4505184338af9d90ba50891c2b04def697/core/operation/src/main/java/uk/gov/gchq/gaffer/operation/impl/join/methods/FullOuterJoin.java
 2019--04--16 05:05:50 (class:net.TextDown)-(INFO) right:true	https://github.com/gchq/Gaffer/raw/a3e51d4505184338af9d90ba50891c2b04def697/core/operation/src/test/java/uk/gov/gchq/gaffer/operation/impl/join/methods/FullInnerJoinTest.java	java.io.FileNotFoundException: https://github.com/gchq/Gaffer/raw/a3e51d4505184338af9d90ba50891c2b04def697/core/operation/src/test/java/uk/gov/gchq/gaffer/operation/impl/join/methods/FullInnerJoinTest.java
 2019--04--16 05:05:54 (class:net.TextDown)-(INFO) right:true	https://github.com/gchq/Gaffer/raw/a3e51d4505184338af9d90ba50891c2b04def697/core/operation/src/test/java/uk/gov/gchq/gaffer/operation/impl/join/methods/FullOuterJoinTest.java	java.io.FileNotFoundException: https://github.com/gchq/Gaffer/raw/a3e51d4505184338af9d90ba50891c2b04def697/core/operation/src/test/java/uk/gov/gchq/gaffer/operation/impl/join/methods/FullOuterJoinTest.java
 2019--04--16 05:06:03 (class:net.TextDown)-(INFO) right:false	https://github.com/gchq/Gaffer/raw/6cf389213d2a8469d2c0b2af2a79ae428fe16c9e/core/store/src/main/java/uk/gov/gchq/gaffer/store/operation/handler/join/match/KeyFunctionMatch.java	java.io.FileNotFoundException: https://github.com/gchq/Gaffer/raw/6cf389213d2a8469d2c0b2af2a79ae428fe16c9e/core/store/src/main/java/uk/gov/gchq/gaffer/store/operation/handler/join/match/KeyFunctionMatch.java
 2019--04--16 05:06:06 (class:net.TextDown)-(INFO) right:true	https://github.com/gchq/Gaffer/raw/a3e51d4505184338af9d90ba50891c2b04def697/core/store/src/main/java/uk/gov/gchq/gaffer/store/operation/handler/join/merge/ElementMerge.java	java.io.FileNotFoundException: https://github.com/gchq/Gaffer/raw/a3e51d4505184338af9d90ba50891c2b04def697/core/store/src/main/java/uk/gov/gchq/gaffer/store/operation/handler/join/merge/ElementMerge.java
 2019--04--16 05:06:08 (class:net.TextDown)-(INFO) right:true	https://github.com/gchq/Gaffer/raw/a3e51d4505184338af9d90ba50891c2b04def697/core/store/src/main/java/uk/gov/gchq/gaffer/store/operation/handler/join/merge/MergeType.java	java.io.FileNotFoundException: https://github.com/gchq/Gaffer/raw/a3e51d4505184338af9d90ba50891c2b04def697/core/store/src/main/java/uk/gov/gchq/gaffer/store/operation/handler/join/merge/MergeType.java
 2019--04--16 05:06:10 (class:net.TextDown)-(INFO) right:true	https://github.com/gchq/Gaffer/raw/a3e51d4505184338af9d90ba50891c2b04def697/core/store/src/main/java/uk/gov/gchq/gaffer/store/operation/handler/join/merge/ResultsWanted.java	java.io.FileNotFoundException: https://github.com/gchq/Gaffer/raw/a3e51d4505184338af9d90ba50891c2b04def697/core/store/src/main/java/uk/gov/gchq/gaffer/store/operation/handler/join/merge/ResultsWanted.java
 2019--04--16 05:06:19 (class:net.TextDown)-(INFO) right:false	https://github.com/gchq/Gaffer/raw/6cf389213d2a8469d2c0b2af2a79ae428fe16c9e/core/store/src/test/java/uk/gov/gchq/gaffer/store/operation/handler/join/match/KeyFunctionMatchTest.java	java.io.FileNotFoundException: https://github.com/gchq/Gaffer/raw/6cf389213d2a8469d2c0b2af2a79ae428fe16c9e/core/store/src/test/java/uk/gov/gchq/gaffer/store/operation/handler/join/match/KeyFunctionMatchTest.java
 2019--04--16 05:06:23 (class:net.TextDown)-(INFO) right:true	https://github.com/gchq/Gaffer/raw/a3e51d4505184338af9d90ba50891c2b04def697/core/store/src/test/java/uk/gov/gchq/gaffer/store/operation/handler/join/merge/ElementMergeTest.java	java.io.FileNotFoundException: https://github.com/gchq/Gaffer/raw/a3e51d4505184338af9d90ba50891c2b04def697/core/store/src/test/java/uk/gov/gchq/gaffer/store/operation/handler/join/merge/ElementMergeTest.java
 2019--04--16 05:06:28 (class:MainDis)-(INFO) 254ae3da2c69210e1f309c927c33c4c3981a0bb0 p 83a76c4001b5fd6fd55da86b6a86d1be4282b560
 2019--04--16 05:06:35 (class:net.TextDown)-(INFO) right:true	https://github.com/gchq/Gaffer/raw/254ae3da2c69210e1f309c927c33c4c3981a0bb0/core/operation/src/main/java/uk/gov/gchq/gaffer/operation/impl/join/merge/Merge.java	java.io.FileNotFoundException: https://github.com/gchq/Gaffer/raw/254ae3da2c69210e1f309c927c33c4c3981a0bb0/core/operation/src/main/java/uk/gov/gchq/gaffer/operation/impl/join/merge/Merge.java
 2019--04--16 05:06:37 (class:net.TextDown)-(INFO) right:true	https://github.com/gchq/Gaffer/raw/254ae3da2c69210e1f309c927c33c4c3981a0bb0/core/operation/src/main/java/uk/gov/gchq/gaffer/operation/impl/join/methods/FullInnerJoin.java	java.io.FileNotFoundException: https://github.com/gchq/Gaffer/raw/254ae3da2c69210e1f309c927c33c4c3981a0bb0/core/operation/src/main/java/uk/gov/gchq/gaffer/operation/impl/join/methods/FullInnerJoin.java
 2019--04--16 05:06:41 (class:net.TextDown)-(INFO) right:true	https://github.com/gchq/Gaffer/raw/254ae3da2c69210e1f309c927c33c4c3981a0bb0/core/operation/src/main/java/uk/gov/gchq/gaffer/operation/impl/join/methods/FullOuterJoin.java	java.io.FileNotFoundException: https://github.com/gchq/Gaffer/raw/254ae3da2c69210e1f309c927c33c4c3981a0bb0/core/operation/src/main/java/uk/gov/gchq/gaffer/operation/impl/join/methods/FullOuterJoin.java
 2019--04--16 05:06:56 (class:net.TextDown)-(INFO) right:true	https://github.com/gchq/Gaffer/raw/254ae3da2c69210e1f309c927c33c4c3981a0bb0/core/operation/src/test/java/uk/gov/gchq/gaffer/operation/impl/join/methods/FullInnerJoinTest.java	java.io.FileNotFoundException: https://github.com/gchq/Gaffer/raw/254ae3da2c69210e1f309c927c33c4c3981a0bb0/core/operation/src/test/java/uk/gov/gchq/gaffer/operation/impl/join/methods/FullInnerJoinTest.java
 2019--04--16 05:07:00 (class:net.TextDown)-(INFO) right:true	https://github.com/gchq/Gaffer/raw/254ae3da2c69210e1f309c927c33c4c3981a0bb0/core/operation/src/test/java/uk/gov/gchq/gaffer/operation/impl/join/methods/FullOuterJoinTest.java	java.io.FileNotFoundException: https://github.com/gchq/Gaffer/raw/254ae3da2c69210e1f309c927c33c4c3981a0bb0/core/operation/src/test/java/uk/gov/gchq/gaffer/operation/impl/join/methods/FullOuterJoinTest.java
 2019--04--16 05:07:10 (class:net.TextDown)-(INFO) right:false	https://github.com/gchq/Gaffer/raw/83a76c4001b5fd6fd55da86b6a86d1be4282b560/core/store/src/main/java/uk/gov/gchq/gaffer/store/operation/handler/join/match/KeyFunctionMatch.java	java.io.FileNotFoundException: https://github.com/gchq/Gaffer/raw/83a76c4001b5fd6fd55da86b6a86d1be4282b560/core/store/src/main/java/uk/gov/gchq/gaffer/store/operation/handler/join/match/KeyFunctionMatch.java
 2019--04--16 05:07:12 (class:net.TextDown)-(INFO) right:true	https://github.com/gchq/Gaffer/raw/254ae3da2c69210e1f309c927c33c4c3981a0bb0/core/store/src/main/java/uk/gov/gchq/gaffer/store/operation/handler/join/merge/ElementMerge.java	java.io.FileNotFoundException: https://github.com/gchq/Gaffer/raw/254ae3da2c69210e1f309c927c33c4c3981a0bb0/core/store/src/main/java/uk/gov/gchq/gaffer/store/operation/handler/join/merge/ElementMerge.java
 2019--04--16 05:07:14 (class:net.TextDown)-(INFO) right:true	https://github.com/gchq/Gaffer/raw/254ae3da2c69210e1f309c927c33c4c3981a0bb0/core/store/src/main/java/uk/gov/gchq/gaffer/store/operation/handler/join/merge/MergeType.java	java.io.FileNotFoundException: https://github.com/gchq/Gaffer/raw/254ae3da2c69210e1f309c927c33c4c3981a0bb0/core/store/src/main/java/uk/gov/gchq/gaffer/store/operation/handler/join/merge/MergeType.java
 2019--04--16 05:07:16 (class:net.TextDown)-(INFO) right:true	https://github.com/gchq/Gaffer/raw/254ae3da2c69210e1f309c927c33c4c3981a0bb0/core/store/src/main/java/uk/gov/gchq/gaffer/store/operation/handler/join/merge/ResultsWanted.java	java.io.FileNotFoundException: https://github.com/gchq/Gaffer/raw/254ae3da2c69210e1f309c927c33c4c3981a0bb0/core/store/src/main/java/uk/gov/gchq/gaffer/store/operation/handler/join/merge/ResultsWanted.java
 2019--04--16 05:07:21 (class:net.TextDown)-(INFO) right:false	https://github.com/gchq/Gaffer/raw/83a76c4001b5fd6fd55da86b6a86d1be4282b560/core/store/src/test/java/uk/gov/gchq/gaffer/store/operation/handler/join/match/KeyFunctionMatchTest.java	java.io.FileNotFoundException: https://github.com/gchq/Gaffer/raw/83a76c4001b5fd6fd55da86b6a86d1be4282b560/core/store/src/test/java/uk/gov/gchq/gaffer/store/operation/handler/join/match/KeyFunctionMatchTest.java
 2019--04--16 05:07:24 (class:net.TextDown)-(INFO) right:true	https://github.com/gchq/Gaffer/raw/254ae3da2c69210e1f309c927c33c4c3981a0bb0/core/store/src/test/java/uk/gov/gchq/gaffer/store/operation/handler/join/merge/ElementMergeTest.java	java.io.FileNotFoundException: https://github.com/gchq/Gaffer/raw/254ae3da2c69210e1f309c927c33c4c3981a0bb0/core/store/src/test/java/uk/gov/gchq/gaffer/store/operation/handler/join/merge/ElementMergeTest.java
 2019--04--16 05:07:26 (class:MainDis)-(INFO) 83a76c4001b5fd6fd55da86b6a86d1be4282b560 p 6fefa5f7690c195482a9b5b29404ff750b918ca5
 2019--04--16 05:07:34 (class:MainDis)-(INFO) 6fefa5f7690c195482a9b5b29404ff750b918ca5 p 6ca9b77e9cbb18124910606e1460a50d43f6b77e
 2019--04--16 05:07:46 (class:MainDis)-(INFO) 6ca9b77e9cbb18124910606e1460a50d43f6b77e p efaeec06bc44a1d80c4a7c87072ba205a767d79f
 2019--04--16 05:07:53 (class:MainDis)-(INFO) 6cf389213d2a8469d2c0b2af2a79ae428fe16c9e p 69235c75f25854ab15ee8e4d1fdd53331aac270b
 2019--04--16 05:08:10 (class:MainDis)-(INFO) bb6cc94fdeabbdfaf29b422d9363fa61cacc8749 p 93d32c3c32b83199f97505369296d3bd374d95d6
 2019--04--16 05:08:17 (class:MainDis)-(INFO) 69235c75f25854ab15ee8e4d1fdd53331aac270b p efaeec06bc44a1d80c4a7c87072ba205a767d79f
 2019--04--16 05:08:24 (class:MainDis)-(INFO) 15abf9aa3199ba12b10d68111898c02dd2cf529c p 000f7e779db6df5e5c59187656a8e3d21c41a2c6
 2019--04--16 05:08:27 (class:MainDis)-(INFO) 000f7e779db6df5e5c59187656a8e3d21c41a2c6 p ac6a783ae29f750c2c8e325933c39e7c837ca768
 2019--04--16 05:08:36 (class:MainDis)-(INFO) 93d32c3c32b83199f97505369296d3bd374d95d6 p 78b77b74848926c32a2e4857820a9197772dd93c
 2019--04--16 05:08:39 (class:MainDis)-(INFO) 78b77b74848926c32a2e4857820a9197772dd93c p 5bcae4c0aa32fdb6ecf8c259afe91a2d6fbfdb05
 2019--04--16 05:08:53 (class:MainDis)-(INFO) efaeec06bc44a1d80c4a7c87072ba205a767d79f p 702235daf900c785b9c5acc57040674778d37716
 2019--04--16 05:08:54 (class:MainDis)-(INFO) 702235daf900c785b9c5acc57040674778d37716 p 885d688363b38fd94326e1768800b555b3e1b5b1
 2019--04--16 05:08:54 (class:MainDis)-(INFO) 885d688363b38fd94326e1768800b555b3e1b5b1 p c747f8ca9c2963854c8a0b943440ac6726ebd9d3
 2019--04--16 05:08:55 (class:MainDis)-(INFO) c747f8ca9c2963854c8a0b943440ac6726ebd9d3 p 6abb5e8e3e96fb04add505beb2ad3ae5ae469f1c
 2019--04--16 05:08:55 (class:MainDis)-(INFO) 6abb5e8e3e96fb04add505beb2ad3ae5ae469f1c p 2b6c8597ecc11cd714ac18a8648d1763c9fe890d
 2019--04--16 05:08:55 (class:MainDis)-(INFO) 2b6c8597ecc11cd714ac18a8648d1763c9fe890d p 38c1a8d0985b9da32ad1ecb466958c2d638f09f8
 2019--04--16 05:08:56 (class:MainDis)-(INFO) 38c1a8d0985b9da32ad1ecb466958c2d638f09f8 p 077a55f85dc11f03a1c8cf83a473f804509a67ac
 2019--04--16 05:09:05 (class:MainDis)-(INFO) ac6a783ae29f750c2c8e325933c39e7c837ca768 p 2e452c7ecfdfb5d0f6f9475428fde6c25e00b739
 2019--04--16 05:09:08 (class:MainDis)-(INFO) 2e452c7ecfdfb5d0f6f9475428fde6c25e00b739 p 1384c960ec2ec2bba7ba702936c5e42e74c16c14
 2019--04--16 05:09:11 (class:MainDis)-(INFO) 1384c960ec2ec2bba7ba702936c5e42e74c16c14 p 077a55f85dc11f03a1c8cf83a473f804509a67ac
 2019--04--16 05:09:18 (class:MainDis)-(INFO) 077a55f85dc11f03a1c8cf83a473f804509a67ac p d7118c30dcc17c1987be9d1fee01c71c7b4d85fb
 2019--04--16 05:09:19 (class:MainDis)-(INFO) d7118c30dcc17c1987be9d1fee01c71c7b4d85fb p 03744259cada6632d5855803c0347ce98d128ecb
 2019--04--16 05:09:19 (class:MainDis)-(INFO) 03744259cada6632d5855803c0347ce98d128ecb p 1178f169360769aa4058002b5bd987a4ef7e5484
 2019--04--16 05:09:22 (class:MainDis)-(INFO) 1178f169360769aa4058002b5bd987a4ef7e5484 p 88d9883523873eed36653945353ef338ec45a534
 2019--04--16 05:09:23 (class:MainDis)-(INFO) 88d9883523873eed36653945353ef338ec45a534 p 6bd65474565cfea3b511c0fc4023676dc0cf9aff
 2019--04--16 05:09:23 (class:MainDis)-(INFO) 6bd65474565cfea3b511c0fc4023676dc0cf9aff p 9d892723059140a513b60215b611aec4af22abd4
 2019--04--16 05:09:26 (class:MainDis)-(INFO) 5bcae4c0aa32fdb6ecf8c259afe91a2d6fbfdb05 p 1ad4f5252938e3937a2d1ba84255027578789ac3
 2019--04--16 05:09:26 (class:MainDis)-(INFO) 9d892723059140a513b60215b611aec4af22abd4 p 07d6b04fbeb36ac0b93591020617878b3ac7f711
 2019--04--16 05:09:27 (class:MainDis)-(INFO) 07d6b04fbeb36ac0b93591020617878b3ac7f711 p 680f0d7ebc3eec771e6ac80433efba585ef58971
 2019--04--16 05:09:27 (class:MainDis)-(INFO) 1ad4f5252938e3937a2d1ba84255027578789ac3 p f4aa0e2046f0956d5478ff819fed166bbea6bfd0
 2019--04--16 05:09:27 (class:MainDis)-(INFO) 680f0d7ebc3eec771e6ac80433efba585ef58971 p bd1ad2fb25754a051e50156df3ae2aba75f853f0
 2019--04--16 05:09:28 (class:MainDis)-(INFO) f4aa0e2046f0956d5478ff819fed166bbea6bfd0 p e066f19cca55b8eae520fc98cd51ddb0e7b039f7
 2019--04--16 05:10:13 (class:chdistill.MyChangedistiller)-(INFO) Delete: private	MODIFIERS: 	chdistill.source.C1.i : int
 2019--04--16 05:10:24 (class:net.TextDown)-(INFO) right:false	https://github.com/gchq/Gaffer/raw/e066f19cca55b8eae520fc98cd51ddb0e7b039f7/core/common-util/src/main/java/uk/gov/gchq/gaffer/commonutil/ExecutorService.java	java.io.FileNotFoundException: https://github.com/gchq/Gaffer/raw/e066f19cca55b8eae520fc98cd51ddb0e7b039f7/core/common-util/src/main/java/uk/gov/gchq/gaffer/commonutil/ExecutorService.java
 2019--04--16 05:11:56 (class:chdistill.MyChangedistiller)-(INFO) Delete: private	MODIFIERS: 	chdistill.source.C1.i : int
 2019--04--16 05:19:55 (class:MainDis)-(INFO) bd1ad2fb25754a051e50156df3ae2aba75f853f0 p d6399c0c8d4359d05030ca10179bb23fdd9850be
 2019--04--16 05:19:57 (class:MainDis)-(INFO) d6399c0c8d4359d05030ca10179bb23fdd9850be p 476513085e8c03e1d8a3f31b741429bd789120a1
 2019--04--16 05:19:58 (class:MainDis)-(INFO) 476513085e8c03e1d8a3f31b741429bd789120a1 p 9b0b89ca071a6ab1a91beabab27fb6ca431df424
 2019--04--16 05:19:59 (class:net.TextDown)-(INFO) right:false	https://github.com/gchq/Gaffer/raw/9b0b89ca071a6ab1a91beabab27fb6ca431df424/core/common-util/src/main/java/uk/gov/gchq/gaffer/commonutil/ExecutorService.java	java.io.FileNotFoundException: https://github.com/gchq/Gaffer/raw/9b0b89ca071a6ab1a91beabab27fb6ca431df424/core/common-util/src/main/java/uk/gov/gchq/gaffer/commonutil/ExecutorService.java
 2019--04--16 05:20:10 (class:MainDis)-(INFO) 9b0b89ca071a6ab1a91beabab27fb6ca431df424 p e1e2ceb3d3ca0d755358069213804f7d38a49549
 2019--04--16 05:20:18 (class:MainDis)-(INFO) e1e2ceb3d3ca0d755358069213804f7d38a49549 p a16243d5231a4d04a21b60894d91adfe3cbaba28
 